#! /c/Source/iverilog-install/bin/vvp
:ivl_version "12.0 (devel)" "(s20150603-1539-g2693dd32b)";
:ivl_delay_selection "TYPICAL";
:vpi_time_precision + 0;
:vpi_module "C:\iverilog\lib\ivl\system.vpi";
:vpi_module "C:\iverilog\lib\ivl\vhdl_sys.vpi";
:vpi_module "C:\iverilog\lib\ivl\vhdl_textio.vpi";
:vpi_module "C:\iverilog\lib\ivl\v2005_math.vpi";
:vpi_module "C:\iverilog\lib\ivl\va_math.vpi";
:vpi_module "C:\iverilog\lib\ivl\v2009.vpi";
S_000001ba77e62560 .scope package, "$unit" "$unit" 2 1;
 .timescale 0 0;
S_000001ba77e626f0 .scope module, "ALU" "ALU" 3 1;
 .timescale 0 0;
    .port_info 0 /INPUT 1 "clk";
    .port_info 1 /INPUT 1 "rst_n";
    .port_info 2 /INPUT 1 "valid";
    .port_info 3 /INPUT 32 "in_A";
    .port_info 4 /INPUT 32 "in_B";
    .port_info 5 /INPUT 4 "mode";
    .port_info 6 /OUTPUT 1 "ready";
    .port_info 7 /OUTPUT 64 "out_data";
P_000001ba77e62dc0 .param/l "MAX" 0 3 21, C4<01111111111111111111111111111111>;
P_000001ba77e62df8 .param/l "MIN" 0 3 22, C4<10000000000000000000000000000000>;
o000001ba77ea9f78 .functor BUFZ 1, C4<z>; HiZ drive
v000001ba77e62ba0_0 .net "clk", 0 0, o000001ba77ea9f78;  0 drivers
v000001ba77e62880_0 .var "count", 4 0;
o000001ba77ea9fd8 .functor BUFZ 32, C4<zzzzzzzzzzzzzzzzzzzzzzzzzzzzzzzz>; HiZ drive
v000001ba77e62920_0 .net "in_A", 31 0, o000001ba77ea9fd8;  0 drivers
o000001ba77eaa008 .functor BUFZ 32, C4<zzzzzzzzzzzzzzzzzzzzzzzzzzzzzzzz>; HiZ drive
v000001ba77e936e0_0 .net "in_B", 31 0, o000001ba77eaa008;  0 drivers
o000001ba77eaa038 .functor BUFZ 4, C4<zzzz>; HiZ drive
v000001ba77e93780_0 .net "mode", 3 0, o000001ba77eaa038;  0 drivers
v000001ba77e93820_0 .var "out_data", 63 0;
v000001ba77e938c0_0 .var "out_data_tempt", 63 0;
v000001ba77e93960_0 .var "prod_rem", 64 0;
v000001ba77e93a00_0 .var "ready", 0 0;
o000001ba77eaa128 .functor BUFZ 1, C4<z>; HiZ drive
v000001ba77e93aa0_0 .net "rst_n", 0 0, o000001ba77eaa128;  0 drivers
v000001ba77e93b40_0 .var "tempt", 31 0;
o000001ba77eaa188 .functor BUFZ 1, C4<z>; HiZ drive
v000001ba77e93be0_0 .net "valid", 0 0, o000001ba77eaa188;  0 drivers
E_000001ba77e88740/0 .event negedge, v000001ba77e93aa0_0;
E_000001ba77e88740/1 .event posedge, v000001ba77e62ba0_0;
E_000001ba77e88740 .event/or E_000001ba77e88740/0, E_000001ba77e88740/1;
E_000001ba77e88e40 .event anyedge, v000001ba77e93780_0, v000001ba77e62920_0, v000001ba77e936e0_0, v000001ba77e93b40_0;
    .scope S_000001ba77e626f0;
T_0 ;
    %wait E_000001ba77e88e40;
    %load/vec4 v000001ba77e93780_0;
    %dup/vec4;
    %pushi/vec4 0, 0, 4;
    %cmp/u;
    %jmp/1 T_0.0, 6;
    %dup/vec4;
    %pushi/vec4 1, 0, 4;
    %cmp/u;
    %jmp/1 T_0.1, 6;
    %dup/vec4;
    %pushi/vec4 2, 0, 4;
    %cmp/u;
    %jmp/1 T_0.2, 6;
    %dup/vec4;
    %pushi/vec4 3, 0, 4;
    %cmp/u;
    %jmp/1 T_0.3, 6;
    %dup/vec4;
    %pushi/vec4 4, 0, 4;
    %cmp/u;
    %jmp/1 T_0.4, 6;
    %dup/vec4;
    %pushi/vec4 5, 0, 4;
    %cmp/u;
    %jmp/1 T_0.5, 6;
    %dup/vec4;
    %pushi/vec4 6, 0, 4;
    %cmp/u;
    %jmp/1 T_0.6, 6;
    %dup/vec4;
    %pushi/vec4 7, 0, 4;
    %cmp/u;
    %jmp/1 T_0.7, 6;
    %dup/vec4;
    %pushi/vec4 8, 0, 4;
    %cmp/u;
    %jmp/1 T_0.8, 6;
    %pushi/vec4 0, 0, 64;
    %store/vec4 v000001ba77e938c0_0, 0, 64;
    %jmp T_0.10;
T_0.0 ;
    %load/vec4 v000001ba77e62920_0;
    %load/vec4 v000001ba77e936e0_0;
    %add;
    %store/vec4 v000001ba77e93b40_0, 0, 32;
    %load/vec4 v000001ba77e62920_0;
    %parti/s 1, 31, 6;
    %load/vec4 v000001ba77e936e0_0;
    %parti/s 1, 31, 6;
    %cmp/e;
    %flag_get/vec4 4;
    %jmp/0 T_0.13, 4;
    %load/vec4 v000001ba77e93b40_0;
    %parti/s 1, 31, 6;
    %load/vec4 v000001ba77e62920_0;
    %parti/s 1, 31, 6;
    %cmp/ne;
    %flag_get/vec4 4;
    %and;
T_0.13;
    %flag_set/vec4 8;
    %jmp/0xz  T_0.11, 8;
    %load/vec4 v000001ba77e62920_0;
    %parti/s 1, 31, 6;
    %flag_set/vec4 8;
    %jmp/0 T_0.14, 8;
    %pushi/vec4 2147483648, 0, 64;
    %jmp/1 T_0.15, 8;
T_0.14 ; End of true expr.
    %pushi/vec4 2147483647, 0, 64;
    %jmp/0 T_0.15, 8;
 ; End of false expr.
    %blend;
T_0.15;
    %store/vec4 v000001ba77e938c0_0, 0, 64;
    %jmp T_0.12;
T_0.11 ;
    %pushi/vec4 0, 0, 32;
    %load/vec4 v000001ba77e93b40_0;
    %concat/vec4; draw_concat_vec4
    %store/vec4 v000001ba77e938c0_0, 0, 64;
T_0.12 ;
    %jmp T_0.10;
T_0.1 ;
    %load/vec4 v000001ba77e62920_0;
    %load/vec4 v000001ba77e936e0_0;
    %sub;
    %store/vec4 v000001ba77e93b40_0, 0, 32;
    %load/vec4 v000001ba77e62920_0;
    %parti/s 1, 31, 6;
    %load/vec4 v000001ba77e936e0_0;
    %parti/s 1, 31, 6;
    %cmp/ne;
    %flag_get/vec4 4;
    %jmp/0 T_0.18, 4;
    %load/vec4 v000001ba77e93b40_0;
    %parti/s 1, 31, 6;
    %load/vec4 v000001ba77e62920_0;
    %parti/s 1, 31, 6;
    %cmp/ne;
    %flag_get/vec4 4;
    %and;
T_0.18;
    %flag_set/vec4 8;
    %jmp/0xz  T_0.16, 8;
    %load/vec4 v000001ba77e62920_0;
    %parti/s 1, 31, 6;
    %flag_set/vec4 8;
    %jmp/0 T_0.19, 8;
    %pushi/vec4 2147483648, 0, 64;
    %jmp/1 T_0.20, 8;
T_0.19 ; End of true expr.
    %pushi/vec4 2147483647, 0, 64;
    %jmp/0 T_0.20, 8;
 ; End of false expr.
    %blend;
T_0.20;
    %store/vec4 v000001ba77e938c0_0, 0, 64;
    %jmp T_0.17;
T_0.16 ;
    %pushi/vec4 0, 0, 32;
    %load/vec4 v000001ba77e93b40_0;
    %concat/vec4; draw_concat_vec4
    %store/vec4 v000001ba77e938c0_0, 0, 64;
T_0.17 ;
    %jmp T_0.10;
T_0.2 ;
    %pushi/vec4 0, 0, 32;
    %load/vec4 v000001ba77e62920_0;
    %load/vec4 v000001ba77e936e0_0;
    %and;
    %concat/vec4; draw_concat_vec4
    %store/vec4 v000001ba77e938c0_0, 0, 64;
    %jmp T_0.10;
T_0.3 ;
    %pushi/vec4 0, 0, 32;
    %load/vec4 v000001ba77e62920_0;
    %load/vec4 v000001ba77e936e0_0;
    %or;
    %concat/vec4; draw_concat_vec4
    %store/vec4 v000001ba77e938c0_0, 0, 64;
    %jmp T_0.10;
T_0.4 ;
    %pushi/vec4 0, 0, 32;
    %load/vec4 v000001ba77e62920_0;
    %load/vec4 v000001ba77e936e0_0;
    %xor;
    %concat/vec4; draw_concat_vec4
    %store/vec4 v000001ba77e938c0_0, 0, 64;
    %jmp T_0.10;
T_0.5 ;
    %pushi/vec4 0, 0, 63;
    %load/vec4 v000001ba77e62920_0;
    %load/vec4 v000001ba77e936e0_0;
    %cmp/e;
    %flag_get/vec4 4;
    %concat/vec4; draw_concat_vec4
    %store/vec4 v000001ba77e938c0_0, 0, 64;
    %jmp T_0.10;
T_0.6 ;
    %pushi/vec4 0, 0, 63;
    %load/vec4 v000001ba77e936e0_0;
    %load/vec4 v000001ba77e62920_0;
    %cmp/s;
    %flag_get/vec4 4;
    %flag_get/vec4 5;
    %or;
    %concat/vec4; draw_concat_vec4
    %store/vec4 v000001ba77e938c0_0, 0, 64;
    %jmp T_0.10;
T_0.7 ;
    %pushi/vec4 0, 0, 32;
    %load/vec4 v000001ba77e62920_0;
    %ix/getv 4, v000001ba77e936e0_0;
    %shiftr 4;
    %concat/vec4; draw_concat_vec4
    %store/vec4 v000001ba77e938c0_0, 0, 64;
    %jmp T_0.10;
T_0.8 ;
    %pushi/vec4 0, 0, 32;
    %load/vec4 v000001ba77e62920_0;
    %ix/getv 4, v000001ba77e936e0_0;
    %shiftl 4;
    %concat/vec4; draw_concat_vec4
    %store/vec4 v000001ba77e938c0_0, 0, 64;
    %jmp T_0.10;
T_0.10 ;
    %pop/vec4 1;
    %jmp T_0;
    .thread T_0, $push;
    .scope S_000001ba77e626f0;
T_1 ;
    %wait E_000001ba77e88740;
    %load/vec4 v000001ba77e93aa0_0;
    %nor/r;
    %flag_set/vec4 8;
    %jmp/0xz  T_1.0, 8;
    %pushi/vec4 0, 0, 1;
    %assign/vec4 v000001ba77e93a00_0, 0;
    %pushi/vec4 0, 0, 64;
    %assign/vec4 v000001ba77e93820_0, 0;
    %pushi/vec4 0, 0, 65;
    %assign/vec4 v000001ba77e93960_0, 0;
    %pushi/vec4 0, 0, 5;
    %assign/vec4 v000001ba77e62880_0, 0;
    %jmp T_1.1;
T_1.0 ;
    %load/vec4 v000001ba77e93be0_0;
    %flag_set/vec4 8;
    %jmp/0xz  T_1.2, 8;
    %load/vec4 v000001ba77e93820_0;
    %pushi/vec4 0, 0, 64;
    %cmp/ne;
    %flag_get/vec4 4;
    %assign/vec4 v000001ba77e93a00_0, 0;
    %load/vec4 v000001ba77e93780_0;
    %dup/vec4;
    %pushi/vec4 9, 0, 4;
    %cmp/u;
    %jmp/1 T_1.4, 6;
    %dup/vec4;
    %pushi/vec4 10, 0, 4;
    %cmp/u;
    %jmp/1 T_1.5, 6;
    %load/vec4 v000001ba77e938c0_0;
    %assign/vec4 v000001ba77e93820_0, 0;
    %jmp T_1.7;
T_1.4 ;
    %load/vec4 v000001ba77e62880_0;
    %pad/u 32;
    %cmpi/e 0, 0, 32;
    %jmp/0xz  T_1.8, 4;
    %pushi/vec4 0, 0, 33;
    %load/vec4 v000001ba77e936e0_0;
    %concat/vec4; draw_concat_vec4
    %assign/vec4 v000001ba77e93960_0, 0;
    %pushi/vec4 1, 0, 5;
    %assign/vec4 v000001ba77e62880_0, 0;
    %jmp T_1.9;
T_1.8 ;
    %load/vec4 v000001ba77e62880_0;
    %pad/u 32;
    %cmpi/u 32, 0, 32;
    %jmp/0xz  T_1.10, 5;
    %pushi/vec4 0, 0, 1;
    %assign/vec4 v000001ba77e93a00_0, 0;
    %load/vec4 v000001ba77e62880_0;
    %addi 1, 0, 5;
    %assign/vec4 v000001ba77e62880_0, 0;
    %load/vec4 v000001ba77e93960_0;
    %parti/s 1, 0, 2;
    %flag_set/vec4 8;
    %jmp/0xz  T_1.12, 8;
    %pushi/vec4 0, 0, 1;
    %load/vec4 v000001ba77e93960_0;
    %parti/s 32, 32, 7;
    %concat/vec4; draw_concat_vec4
    %pushi/vec4 0, 0, 1;
    %load/vec4 v000001ba77e62920_0;
    %concat/vec4; draw_concat_vec4
    %add;
    %ix/load 4, 32, 0;
    %ix/load 5, 0, 0;
    %flag_set/imm 4, 0;
    %assign/vec4/off/d v000001ba77e93960_0, 4, 5;
    %jmp T_1.13;
T_1.12 ;
    %load/vec4 v000001ba77e93960_0;
    %assign/vec4 v000001ba77e93960_0, 0;
T_1.13 ;
    %load/vec4 v000001ba77e93960_0;
    %ix/load 4, 1, 0;
    %flag_set/imm 4, 0;
    %shiftr 4;
    %assign/vec4 v000001ba77e93960_0, 0;
    %jmp T_1.11;
T_1.10 ;
    %pushi/vec4 1, 0, 1;
    %assign/vec4 v000001ba77e93a00_0, 0;
    %load/vec4 v000001ba77e93960_0;
    %parti/s 64, 0, 2;
    %assign/vec4 v000001ba77e93820_0, 0;
T_1.11 ;
T_1.9 ;
    %jmp T_1.7;
T_1.5 ;
    %load/vec4 v000001ba77e62880_0;
    %pad/u 32;
    %cmpi/e 0, 0, 32;
    %jmp/0xz  T_1.14, 4;
    %pushi/vec4 0, 0, 33;
    %load/vec4 v000001ba77e62920_0;
    %concat/vec4; draw_concat_vec4
    %assign/vec4 v000001ba77e93960_0, 0;
    %pushi/vec4 1, 0, 5;
    %assign/vec4 v000001ba77e62880_0, 0;
    %jmp T_1.15;
T_1.14 ;
    %load/vec4 v000001ba77e62880_0;
    %pad/u 32;
    %cmpi/u 32, 0, 32;
    %jmp/0xz  T_1.16, 5;
    %pushi/vec4 0, 0, 1;
    %assign/vec4 v000001ba77e93a00_0, 0;
    %load/vec4 v000001ba77e62880_0;
    %addi 1, 0, 5;
    %assign/vec4 v000001ba77e62880_0, 0;
    %load/vec4 v000001ba77e93960_0;
    %ix/load 4, 1, 0;
    %flag_set/imm 4, 0;
    %shiftl 4;
    %assign/vec4 v000001ba77e93960_0, 0;
    %load/vec4 v000001ba77e936e0_0;
    %load/vec4 v000001ba77e93960_0;
    %parti/s 32, 32, 7;
    %cmp/u;
    %flag_or 5, 4;
    %jmp/0xz  T_1.18, 5;
    %load/vec4 v000001ba77e93960_0;
    %parti/s 32, 32, 7;
    %load/vec4 v000001ba77e936e0_0;
    %sub;
    %ix/load 4, 32, 0;
    %ix/load 5, 0, 0;
    %flag_set/imm 4, 0;
    %assign/vec4/off/d v000001ba77e93960_0, 4, 5;
    %pushi/vec4 1, 0, 1;
    %ix/load 4, 0, 0;
    %ix/load 5, 0, 0;
    %flag_set/imm 4, 0;
    %assign/vec4/off/d v000001ba77e93960_0, 4, 5;
    %jmp T_1.19;
T_1.18 ;
    %load/vec4 v000001ba77e93960_0;
    %assign/vec4 v000001ba77e93960_0, 0;
T_1.19 ;
    %jmp T_1.17;
T_1.16 ;
    %pushi/vec4 1, 0, 1;
    %assign/vec4 v000001ba77e93a00_0, 0;
    %load/vec4 v000001ba77e93960_0;
    %parti/s 64, 0, 2;
    %assign/vec4 v000001ba77e93820_0, 0;
T_1.17 ;
T_1.15 ;
    %jmp T_1.7;
T_1.7 ;
    %pop/vec4 1;
    %jmp T_1.3;
T_1.2 ;
    %pushi/vec4 0, 0, 1;
    %assign/vec4 v000001ba77e93a00_0, 0;
T_1.3 ;
T_1.1 ;
    %jmp T_1;
    .thread T_1;
# The file index is used to find the file name in the following table.
:file_names 4;
    "N/A";
    "<interactive>";
    "-";
    "ALU.v";
